<?xml version="1.0" encoding="UTF-8"?>
<testsuite xmlns:xsi="http://www.w3.org/2001/XMLSchema-instance" xsi:noNamespaceSchemaLocation="https://maven.apache.org/surefire/maven-surefire-plugin/xsd/surefire-test-report.xsd" name="com.cognizant.medicalrepresentative.MedRepScheduleServiceApplicationTests" time="0.652" tests="1" errors="1" skipped="0" failures="0">
  <properties>
[...]
</properties>
  <testcase name="com.cognizant.medicalrepresentative.MedRepScheduleServiceApplicationTests" classname="com.cognizant.medicalrepresentative.MedRepScheduleServiceApplicationTests" time="0.65">
    <error message="Unable to find a @SpringBootConfiguration, you need to use @ContextConfiguration or @SpringBootTest(classes=...) with your test" type="java.lang.IllegalStateException">java.lang.IllegalStateException: Unable to find a @SpringBootConfiguration, you need to use @ContextConfiguration or @SpringBootTest(classes=...) with your test
</error>
    <system-out><![CDATA[21:06:53.416 [main] DEBUG org.springframework.test.context.junit4.SpringJUnit4ClassRunner - SpringJUnit4ClassRunner constructor called with [class com.cognizant.medicalrepresentative.model.ErrorResponseTest]
21:06:53.422 [main] DEBUG org.springframework.test.context.BootstrapUtils - Instantiating CacheAwareContextLoaderDelegate from class [org.springframework.test.context.cache.DefaultCacheAwareContextLoaderDelegate]
21:06:53.438 [main] DEBUG org.springframework.test.context.BootstrapUtils - Instantiating BootstrapContext using constructor [public org.springframework.test.context.support.DefaultBootstrapContext(java.lang.Class,org.springframework.test.context.CacheAwareContextLoaderDelegate)]
21:06:53.489 [main] DEBUG org.springframework.test.context.BootstrapUtils - Instantiating TestContextBootstrapper for test class [com.cognizant.medicalrepresentative.model.ErrorResponseTest] from class [org.springframework.boot.test.context.SpringBootTestContextBootstrapper]
21:06:53.518 [main] INFO org.springframework.boot.test.context.SpringBootTestContextBootstrapper - Neither @ContextConfiguration nor @ContextHierarchy found for test class [com.cognizant.medicalrepresentative.model.ErrorResponseTest], using SpringBootContextLoader
21:06:53.527 [main] DEBUG org.springframework.test.context.support.AbstractContextLoader - Did not detect default resource location for test class [com.cognizant.medicalrepresentative.model.ErrorResponseTest]: class path resource [com/cognizant/medicalrepresentative/model/ErrorResponseTest-context.xml] does not exist
21:06:53.528 [main] DEBUG org.springframework.test.context.support.AbstractContextLoader - Did not detect default resource location for test class [com.cognizant.medicalrepresentative.model.ErrorResponseTest]: class path resource [com/cognizant/medicalrepresentative/model/ErrorResponseTestContext.groovy] does not exist
21:06:53.529 [main] INFO org.springframework.test.context.support.AbstractContextLoader - Could not detect default resource locations for test class [com.cognizant.medicalrepresentative.model.ErrorResponseTest]: no resource found for suffixes {-context.xml, Context.groovy}.
21:06:53.530 [main] INFO org.springframework.test.context.support.AnnotationConfigContextLoaderUtils - Could not detect default configuration classes for test class [com.cognizant.medicalrepresentative.model.ErrorResponseTest]: ErrorResponseTest does not declare any static, non-private, non-final, nested classes annotated with @Configuration.
21:06:53.630 [main] DEBUG org.springframework.test.context.support.ActiveProfilesUtils - Could not find an 'annotation declaring class' for annotation type [org.springframework.test.context.ActiveProfiles] and class [com.cognizant.medicalrepresentative.model.ErrorResponseTest]
21:06:53.787 [main] DEBUG org.springframework.test.context.junit4.SpringJUnit4ClassRunner - SpringJUnit4ClassRunner constructor called with [class com.cognizant.medicalrepresentative.model.JwtResponseTest]
21:06:53.787 [main] DEBUG org.springframework.test.context.BootstrapUtils - Instantiating CacheAwareContextLoaderDelegate from class [org.springframework.test.context.cache.DefaultCacheAwareContextLoaderDelegate]
21:06:53.788 [main] DEBUG org.springframework.test.context.BootstrapUtils - Instantiating BootstrapContext using constructor [public org.springframework.test.context.support.DefaultBootstrapContext(java.lang.Class,org.springframework.test.context.CacheAwareContextLoaderDelegate)]
21:06:53.789 [main] DEBUG org.springframework.test.context.BootstrapUtils - Instantiating TestContextBootstrapper for test class [com.cognizant.medicalrepresentative.model.JwtResponseTest] from class [org.springframework.test.context.support.DefaultTestContextBootstrapper]
21:06:53.801 [main] INFO org.springframework.test.context.support.DefaultTestContextBootstrapper - Neither @ContextConfiguration nor @ContextHierarchy found for test class [com.cognizant.medicalrepresentative.model.JwtResponseTest], using DelegatingSmartContextLoader
21:06:53.809 [main] DEBUG org.springframework.test.context.support.AbstractDelegatingSmartContextLoader - Delegating to GenericXmlContextLoader to process context configuration [ContextConfigurationAttributes@3d34d211 declaringClass = 'com.cognizant.medicalrepresentative.model.JwtResponseTest', classes = '{}', locations = '{}', inheritLocations = false, initializers = '{}', inheritInitializers = true, name = [null], contextLoaderClass = 'org.springframework.test.context.ContextLoader'].
21:06:53.810 [main] DEBUG org.springframework.test.context.support.AbstractContextLoader - Did not detect default resource location for test class [com.cognizant.medicalrepresentative.model.JwtResponseTest]: class path resource [com/cognizant/medicalrepresentative/model/JwtResponseTest-context.xml] does not exist
21:06:53.811 [main] INFO org.springframework.test.context.support.AbstractContextLoader - Could not detect default resource locations for test class [com.cognizant.medicalrepresentative.model.JwtResponseTest]: no resource found for suffixes {-context.xml}.
21:06:53.813 [main] DEBUG org.springframework.test.context.support.AbstractDelegatingSmartContextLoader - Delegating to AnnotationConfigContextLoader to process context configuration [ContextConfigurationAttributes@3d34d211 declaringClass = 'com.cognizant.medicalrepresentative.model.JwtResponseTest', classes = '{}', locations = '{}', inheritLocations = false, initializers = '{}', inheritInitializers = true, name = [null], contextLoaderClass = 'org.springframework.test.context.ContextLoader'].
21:06:53.813 [main] INFO org.springframework.test.context.support.AnnotationConfigContextLoaderUtils - Could not detect default configuration classes for test class [com.cognizant.medicalrepresentative.model.JwtResponseTest]: JwtResponseTest does not declare any static, non-private, non-final, nested classes annotated with @Configuration.
21:06:53.818 [main] DEBUG org.springframework.test.context.support.ActiveProfilesUtils - Could not find an 'annotation declaring class' for annotation type [org.springframework.test.context.ActiveProfiles] and class [com.cognizant.medicalrepresentative.model.JwtResponseTest]
21:06:53.819 [main] DEBUG org.springframework.test.context.support.DefaultTestContextBootstrapper - @TestExecutionListeners is not present for class [com.cognizant.medicalrepresentative.model.JwtResponseTest]: using defaults.
21:06:53.820 [main] INFO org.springframework.test.context.support.DefaultTestContextBootstrapper - Loaded default TestExecutionListener class names from location [META-INF/spring.factories]: [org.springframework.boot.test.mock.mockito.MockitoTestExecutionListener, org.springframework.boot.test.mock.mockito.ResetMocksTestExecutionListener, org.springframework.boot.test.autoconfigure.restdocs.RestDocsTestExecutionListener, org.springframework.boot.test.autoconfigure.web.client.MockRestServiceServerResetTestExecutionListener, org.springframework.boot.test.autoconfigure.web.servlet.MockMvcPrintOnlyOnFailureTestExecutionListener, org.springframework.boot.test.autoconfigure.web.servlet.WebDriverTestExecutionListener, org.springframework.boot.test.autoconfigure.webservices.client.MockWebServiceServerTestExecutionListener, org.springframework.test.context.web.ServletTestExecutionListener, org.springframework.test.context.support.DirtiesContextBeforeModesTestExecutionListener, org.springframework.test.context.support.DependencyInjectionTestExecutionListener, org.springframework.test.context.support.DirtiesContextTestExecutionListener, org.springframework.test.context.transaction.TransactionalTestExecutionListener, org.springframework.test.context.jdbc.SqlScriptsTestExecutionListener, org.springframework.test.context.event.EventPublishingTestExecutionListener]
21:06:53.869 [main] INFO org.springframework.test.context.support.DefaultTestContextBootstrapper - Using TestExecutionListeners: [org.springframework.test.context.web.ServletTestExecutionListener@68567e20, org.springframework.test.context.support.DirtiesContextBeforeModesTestExecutionListener@76ed1b7c, org.springframework.boot.test.mock.mockito.MockitoTestExecutionListener@11fc564b, org.springframework.test.context.support.DependencyInjectionTestExecutionListener@394a2528, org.springframework.test.context.support.DirtiesContextTestExecutionListener@6236eb5f, org.springframework.test.context.transaction.TransactionalTestExecutionListener@7c1e2a9e, org.springframework.test.context.jdbc.SqlScriptsTestExecutionListener@fa36558, org.springframework.test.context.event.EventPublishingTestExecutionListener@672872e1, org.springframework.boot.test.mock.mockito.ResetMocksTestExecutionListener@32910148, org.springframework.boot.test.autoconfigure.restdocs.RestDocsTestExecutionListener@3f56875e, org.springframework.boot.test.autoconfigure.web.client.MockRestServiceServerResetTestExecutionListener@2b4bac49, org.springframework.boot.test.autoconfigure.web.servlet.MockMvcPrintOnlyOnFailureTestExecutionListener@fd07cbb, org.springframework.boot.test.autoconfigure.web.servlet.WebDriverTestExecutionListener@3571b748, org.springframework.boot.test.autoconfigure.webservices.client.MockWebServiceServerTestExecutionListener@3e96bacf]
21:06:53.874 [main] DEBUG org.springframework.test.annotation.ProfileValueUtils - Retrieved @ProfileValueSourceConfiguration [null] for test class [com.cognizant.medicalrepresentative.model.JwtResponseTest]
21:06:53.877 [main] DEBUG org.springframework.test.annotation.ProfileValueUtils - Retrieved ProfileValueSource type [class org.springframework.test.annotation.SystemProfileValueSource] for class [com.cognizant.medicalrepresentative.model.JwtResponseTest]
21:06:53.877 [main] DEBUG org.springframework.test.annotation.ProfileValueUtils - Retrieved @ProfileValueSourceConfiguration [null] for test class [com.cognizant.medicalrepresentative.model.JwtResponseTest]
21:06:53.878 [main] DEBUG org.springframework.test.annotation.ProfileValueUtils - Retrieved ProfileValueSource type [class org.springframework.test.annotation.SystemProfileValueSource] for class [com.cognizant.medicalrepresentative.model.JwtResponseTest]
21:06:53.878 [main] DEBUG org.springframework.test.annotation.ProfileValueUtils - Retrieved @ProfileValueSourceConfiguration [null] for test class [com.cognizant.medicalrepresentative.model.JwtResponseTest]
21:06:53.878 [main] DEBUG org.springframework.test.annotation.ProfileValueUtils - Retrieved ProfileValueSource type [class org.springframework.test.annotation.SystemProfileValueSource] for class [com.cognizant.medicalrepresentative.model.JwtResponseTest]
21:06:53.889 [main] DEBUG org.springframework.test.context.junit4.SpringJUnit4ClassRunner - SpringJUnit4ClassRunner constructor called with [class com.cognizant.medicalrepresentative.model.MedicalRepresentativesTest]
21:06:53.890 [main] DEBUG org.springframework.test.context.BootstrapUtils - Instantiating CacheAwareContextLoaderDelegate from class [org.springframework.test.context.cache.DefaultCacheAwareContextLoaderDelegate]
21:06:53.890 [main] DEBUG org.springframework.test.context.BootstrapUtils - Instantiating BootstrapContext using constructor [public org.springframework.test.context.support.DefaultBootstrapContext(java.lang.Class,org.springframework.test.context.CacheAwareContextLoaderDelegate)]
21:06:53.890 [main] DEBUG org.springframework.test.context.BootstrapUtils - Instantiating TestContextBootstrapper for test class [com.cognizant.medicalrepresentative.model.MedicalRepresentativesTest] from class [org.springframework.test.context.support.DefaultTestContextBootstrapper]
21:06:53.892 [main] INFO org.springframework.test.context.support.DefaultTestContextBootstrapper - Neither @ContextConfiguration nor @ContextHierarchy found for test class [com.cognizant.medicalrepresentative.model.MedicalRepresentativesTest], using DelegatingSmartContextLoader
21:06:53.892 [main] DEBUG org.springframework.test.context.support.AbstractDelegatingSmartContextLoader - Delegating to GenericXmlContextLoader to process context configuration [ContextConfigurationAttributes@5ab9e72c declaringClass = 'com.cognizant.medicalrepresentative.model.MedicalRepresentativesTest', classes = '{}', locations = '{}', inheritLocations = false, initializers = '{}', inheritInitializers = true, name = [null], contextLoaderClass = 'org.springframework.test.context.ContextLoader'].
21:06:53.893 [main] DEBUG org.springframework.test.context.support.AbstractContextLoader - Did not detect default resource location for test class [com.cognizant.medicalrepresentative.model.MedicalRepresentativesTest]: class path resource [com/cognizant/medicalrepresentative/model/MedicalRepresentativesTest-context.xml] does not exist
21:06:53.893 [main] INFO org.springframework.test.context.support.AbstractContextLoader - Could not detect default resource locations for test class [com.cognizant.medicalrepresentative.model.MedicalRepresentativesTest]: no resource found for suffixes {-context.xml}.
21:06:53.893 [main] DEBUG org.springframework.test.context.support.AbstractDelegatingSmartContextLoader - Delegating to AnnotationConfigContextLoader to process context configuration [ContextConfigurationAttributes@5ab9e72c declaringClass = 'com.cognizant.medicalrepresentative.model.MedicalRepresentativesTest', classes = '{}', locations = '{}', inheritLocations = false, initializers = '{}', inheritInitializers = true, name = [null], contextLoaderClass = 'org.springframework.test.context.ContextLoader'].
21:06:53.894 [main] INFO org.springframework.test.context.support.AnnotationConfigContextLoaderUtils - Could not detect default configuration classes for test class [com.cognizant.medicalrepresentative.model.MedicalRepresentativesTest]: MedicalRepresentativesTest does not declare any static, non-private, non-final, nested classes annotated with @Configuration.
21:06:53.897 [main] DEBUG org.springframework.test.context.support.ActiveProfilesUtils - Could not find an 'annotation declaring class' for annotation type [org.springframework.test.context.ActiveProfiles] and class [com.cognizant.medicalrepresentative.model.MedicalRepresentativesTest]
21:06:53.898 [main] DEBUG org.springframework.test.context.support.DefaultTestContextBootstrapper - @TestExecutionListeners is not present for class [com.cognizant.medicalrepresentative.model.MedicalRepresentativesTest]: using defaults.
21:06:53.898 [main] INFO org.springframework.test.context.support.DefaultTestContextBootstrapper - Loaded default TestExecutionListener class names from location [META-INF/spring.factories]: [org.springframework.boot.test.mock.mockito.MockitoTestExecutionListener, org.springframework.boot.test.mock.mockito.ResetMocksTestExecutionListener, org.springframework.boot.test.autoconfigure.restdocs.RestDocsTestExecutionListener, org.springframework.boot.test.autoconfigure.web.client.MockRestServiceServerResetTestExecutionListener, org.springframework.boot.test.autoconfigure.web.servlet.MockMvcPrintOnlyOnFailureTestExecutionListener, org.springframework.boot.test.autoconfigure.web.servlet.WebDriverTestExecutionListener, org.springframework.boot.test.autoconfigure.webservices.client.MockWebServiceServerTestExecutionListener, org.springframework.test.context.web.ServletTestExecutionListener, org.springframework.test.context.support.DirtiesContextBeforeModesTestExecutionListener, org.springframework.test.context.support.DependencyInjectionTestExecutionListener, org.springframework.test.context.support.DirtiesContextTestExecutionListener, org.springframework.test.context.transaction.TransactionalTestExecutionListener, org.springframework.test.context.jdbc.SqlScriptsTestExecutionListener, org.springframework.test.context.event.EventPublishingTestExecutionListener]
21:06:53.900 [main] INFO org.springframework.test.context.support.DefaultTestContextBootstrapper - Using TestExecutionListeners: [org.springframework.test.context.web.ServletTestExecutionListener@1d8bd0de, org.springframework.test.context.support.DirtiesContextBeforeModesTestExecutionListener@45ca843, org.springframework.boot.test.mock.mockito.MockitoTestExecutionListener@11c9af63, org.springframework.test.context.support.DependencyInjectionTestExecutionListener@757acd7b, org.springframework.test.context.support.DirtiesContextTestExecutionListener@36b4fe2a, org.springframework.test.context.transaction.TransactionalTestExecutionListener@574b560f, org.springframework.test.context.jdbc.SqlScriptsTestExecutionListener@ba54932, org.springframework.test.context.event.EventPublishingTestExecutionListener@28975c28, org.springframework.boot.test.mock.mockito.ResetMocksTestExecutionListener@3943a2be, org.springframework.boot.test.autoconfigure.restdocs.RestDocsTestExecutionListener@343570b7, org.springframework.boot.test.autoconfigure.web.client.MockRestServiceServerResetTestExecutionListener@157853da, org.springframework.boot.test.autoconfigure.web.servlet.MockMvcPrintOnlyOnFailureTestExecutionListener@71c3b41, org.springframework.boot.test.autoconfigure.web.servlet.WebDriverTestExecutionListener@236e3f4e, org.springframework.boot.test.autoconfigure.webservices.client.MockWebServiceServerTestExecutionListener@3cc1435c]
21:06:53.901 [main] DEBUG org.springframework.test.annotation.ProfileValueUtils - Retrieved @ProfileValueSourceConfiguration [null] for test class [com.cognizant.medicalrepresentative.model.MedicalRepresentativesTest]
21:06:53.902 [main] DEBUG org.springframework.test.annotation.ProfileValueUtils - Retrieved ProfileValueSource type [class org.springframework.test.annotation.SystemProfileValueSource] for class [com.cognizant.medicalrepresentative.model.MedicalRepresentativesTest]
21:06:53.903 [main] DEBUG org.springframework.test.annotation.ProfileValueUtils - Retrieved @ProfileValueSourceConfiguration [null] for test class [com.cognizant.medicalrepresentative.model.MedicalRepresentativesTest]
21:06:53.903 [main] DEBUG org.springframework.test.annotation.ProfileValueUtils - Retrieved ProfileValueSource type [class org.springframework.test.annotation.SystemProfileValueSource] for class [com.cognizant.medicalrepresentative.model.MedicalRepresentativesTest]
21:06:53.904 [main] DEBUG org.springframework.test.annotation.ProfileValueUtils - Retrieved @ProfileValueSourceConfiguration [null] for test class [com.cognizant.medicalrepresentative.model.MedicalRepresentativesTest]
21:06:53.904 [main] DEBUG org.springframework.test.annotation.ProfileValueUtils - Retrieved ProfileValueSource type [class org.springframework.test.annotation.SystemProfileValueSource] for class [com.cognizant.medicalrepresentative.model.MedicalRepresentativesTest]
21:06:53.973 [main] DEBUG org.springframework.test.context.junit4.SpringJUnit4ClassRunner - SpringJUnit4ClassRunner constructor called with [class com.cognizant.medicalrepresentative.model.ErrorResponseTest]
21:06:53.974 [main] DEBUG org.springframework.test.context.BootstrapUtils - Instantiating CacheAwareContextLoaderDelegate from class [org.springframework.test.context.cache.DefaultCacheAwareContextLoaderDelegate]
21:06:53.974 [main] DEBUG org.springframework.test.context.BootstrapUtils - Instantiating BootstrapContext using constructor [public org.springframework.test.context.support.DefaultBootstrapContext(java.lang.Class,org.springframework.test.context.CacheAwareContextLoaderDelegate)]
21:06:53.975 [main] DEBUG org.springframework.test.context.BootstrapUtils - Instantiating TestContextBootstrapper for test class [com.cognizant.medicalrepresentative.model.ErrorResponseTest] from class [org.springframework.boot.test.context.SpringBootTestContextBootstrapper]
21:06:53.976 [main] INFO org.springframework.boot.test.context.SpringBootTestContextBootstrapper - Neither @ContextConfiguration nor @ContextHierarchy found for test class [com.cognizant.medicalrepresentative.model.ErrorResponseTest], using SpringBootContextLoader
21:06:53.978 [main] DEBUG org.springframework.test.context.support.AbstractContextLoader - Did not detect default resource location for test class [com.cognizant.medicalrepresentative.model.ErrorResponseTest]: class path resource [com/cognizant/medicalrepresentative/model/ErrorResponseTest-context.xml] does not exist
21:06:53.978 [main] DEBUG org.springframework.test.context.support.AbstractContextLoader - Did not detect default resource location for test class [com.cognizant.medicalrepresentative.model.ErrorResponseTest]: class path resource [com/cognizant/medicalrepresentative/model/ErrorResponseTestContext.groovy] does not exist
21:06:53.979 [main] INFO org.springframework.test.context.support.AbstractContextLoader - Could not detect default resource locations for test class [com.cognizant.medicalrepresentative.model.ErrorResponseTest]: no resource found for suffixes {-context.xml, Context.groovy}.
21:06:53.979 [main] INFO org.springframework.test.context.support.AnnotationConfigContextLoaderUtils - Could not detect default configuration classes for test class [com.cognizant.medicalrepresentative.model.ErrorResponseTest]: ErrorResponseTest does not declare any static, non-private, non-final, nested classes annotated with @Configuration.
21:06:53.981 [main] DEBUG org.springframework.test.context.support.ActiveProfilesUtils - Could not find an 'annotation declaring class' for annotation type [org.springframework.test.context.ActiveProfiles] and class [com.cognizant.medicalrepresentative.model.ErrorResponseTest]
21:06:54.034 [main] DEBUG org.springframework.test.context.junit4.SpringJUnit4ClassRunner - SpringJUnit4ClassRunner constructor called with [class com.cognizant.medicalrepresentative.model.JwtResponseTest]
21:06:54.035 [main] DEBUG org.springframework.test.context.BootstrapUtils - Instantiating CacheAwareContextLoaderDelegate from class [org.springframework.test.context.cache.DefaultCacheAwareContextLoaderDelegate]
21:06:54.035 [main] DEBUG org.springframework.test.context.BootstrapUtils - Instantiating BootstrapContext using constructor [public org.springframework.test.context.support.DefaultBootstrapContext(java.lang.Class,org.springframework.test.context.CacheAwareContextLoaderDelegate)]
21:06:54.036 [main] DEBUG org.springframework.test.context.BootstrapUtils - Instantiating TestContextBootstrapper for test class [com.cognizant.medicalrepresentative.model.JwtResponseTest] from class [org.springframework.test.context.support.DefaultTestContextBootstrapper]
21:06:54.036 [main] INFO org.springframework.test.context.support.DefaultTestContextBootstrapper - Neither @ContextConfiguration nor @ContextHierarchy found for test class [com.cognizant.medicalrepresentative.model.JwtResponseTest], using DelegatingSmartContextLoader
21:06:54.038 [main] DEBUG org.springframework.test.context.support.AbstractDelegatingSmartContextLoader - Delegating to GenericXmlContextLoader to process context configuration [ContextConfigurationAttributes@5fa07e12 declaringClass = 'com.cognizant.medicalrepresentative.model.JwtResponseTest', classes = '{}', locations = '{}', inheritLocations = false, initializers = '{}', inheritInitializers = true, name = [null], contextLoaderClass = 'org.springframework.test.context.ContextLoader'].
21:06:54.039 [main] DEBUG org.springframework.test.context.support.AbstractContextLoader - Did not detect default resource location for test class [com.cognizant.medicalrepresentative.model.JwtResponseTest]: class path resource [com/cognizant/medicalrepresentative/model/JwtResponseTest-context.xml] does not exist
21:06:54.039 [main] INFO org.springframework.test.context.support.AbstractContextLoader - Could not detect default resource locations for test class [com.cognizant.medicalrepresentative.model.JwtResponseTest]: no resource found for suffixes {-context.xml}.
21:06:54.039 [main] DEBUG org.springframework.test.context.support.AbstractDelegatingSmartContextLoader - Delegating to AnnotationConfigContextLoader to process context configuration [ContextConfigurationAttributes@5fa07e12 declaringClass = 'com.cognizant.medicalrepresentative.model.JwtResponseTest', classes = '{}', locations = '{}', inheritLocations = false, initializers = '{}', inheritInitializers = true, name = [null], contextLoaderClass = 'org.springframework.test.context.ContextLoader'].
21:06:54.039 [main] INFO org.springframework.test.context.support.AnnotationConfigContextLoaderUtils - Could not detect default configuration classes for test class [com.cognizant.medicalrepresentative.model.JwtResponseTest]: JwtResponseTest does not declare any static, non-private, non-final, nested classes annotated with @Configuration.
21:06:54.042 [main] DEBUG org.springframework.test.context.support.ActiveProfilesUtils - Could not find an 'annotation declaring class' for annotation type [org.springframework.test.context.ActiveProfiles] and class [com.cognizant.medicalrepresentative.model.JwtResponseTest]
21:06:54.042 [main] DEBUG org.springframework.test.context.support.DefaultTestContextBootstrapper - @TestExecutionListeners is not present for class [com.cognizant.medicalrepresentative.model.JwtResponseTest]: using defaults.
21:06:54.044 [main] INFO org.springframework.test.context.support.DefaultTestContextBootstrapper - Loaded default TestExecutionListener class names from location [META-INF/spring.factories]: [org.springframework.boot.test.mock.mockito.MockitoTestExecutionListener, org.springframework.boot.test.mock.mockito.ResetMocksTestExecutionListener, org.springframework.boot.test.autoconfigure.restdocs.RestDocsTestExecutionListener, org.springframework.boot.test.autoconfigure.web.client.MockRestServiceServerResetTestExecutionListener, org.springframework.boot.test.autoconfigure.web.servlet.MockMvcPrintOnlyOnFailureTestExecutionListener, org.springframework.boot.test.autoconfigure.web.servlet.WebDriverTestExecutionListener, org.springframework.boot.test.autoconfigure.webservices.client.MockWebServiceServerTestExecutionListener, org.springframework.test.context.web.ServletTestExecutionListener, org.springframework.test.context.support.DirtiesContextBeforeModesTestExecutionListener, org.springframework.test.context.support.DependencyInjectionTestExecutionListener, org.springframework.test.context.support.DirtiesContextTestExecutionListener, org.springframework.test.context.transaction.TransactionalTestExecutionListener, org.springframework.test.context.jdbc.SqlScriptsTestExecutionListener, org.springframework.test.context.event.EventPublishingTestExecutionListener]
21:06:54.046 [main] INFO org.springframework.test.context.support.DefaultTestContextBootstrapper - Using TestExecutionListeners: [org.springframework.test.context.web.ServletTestExecutionListener@55b53d44, org.springframework.test.context.support.DirtiesContextBeforeModesTestExecutionListener@482bce4f, org.springframework.boot.test.mock.mockito.MockitoTestExecutionListener@366647c2, org.springframework.test.context.support.DependencyInjectionTestExecutionListener@6a6afff2, org.springframework.test.context.support.DirtiesContextTestExecutionListener@1649b0e6, org.springframework.test.context.transaction.TransactionalTestExecutionListener@865dd6, org.springframework.test.context.jdbc.SqlScriptsTestExecutionListener@4da4253, org.springframework.test.context.event.EventPublishingTestExecutionListener@3972a855, org.springframework.boot.test.mock.mockito.ResetMocksTestExecutionListener@62e7f11d, org.springframework.boot.test.autoconfigure.restdocs.RestDocsTestExecutionListener@503d687a, org.springframework.boot.test.autoconfigure.web.client.MockRestServiceServerResetTestExecutionListener@6a370f4, org.springframework.boot.test.autoconfigure.web.servlet.MockMvcPrintOnlyOnFailureTestExecutionListener@2abf4075, org.springframework.boot.test.autoconfigure.web.servlet.WebDriverTestExecutionListener@770d3326, org.springframework.boot.test.autoconfigure.webservices.client.MockWebServiceServerTestExecutionListener@4cc8eb05]
21:06:54.046 [main] DEBUG org.springframework.test.annotation.ProfileValueUtils - Retrieved @ProfileValueSourceConfiguration [null] for test class [com.cognizant.medicalrepresentative.model.JwtResponseTest]
21:06:54.046 [main] DEBUG org.springframework.test.annotation.ProfileValueUtils - Retrieved ProfileValueSource type [class org.springframework.test.annotation.SystemProfileValueSource] for class [com.cognizant.medicalrepresentative.model.JwtResponseTest]
21:06:54.047 [main] DEBUG org.springframework.test.annotation.ProfileValueUtils - Retrieved @ProfileValueSourceConfiguration [null] for test class [com.cognizant.medicalrepresentative.model.JwtResponseTest]
21:06:54.048 [main] DEBUG org.springframework.test.annotation.ProfileValueUtils - Retrieved ProfileValueSource type [class org.springframework.test.annotation.SystemProfileValueSource] for class [com.cognizant.medicalrepresentative.model.JwtResponseTest]
21:06:54.049 [main] DEBUG org.springframework.test.annotation.ProfileValueUtils - Retrieved @ProfileValueSourceConfiguration [null] for test class [com.cognizant.medicalrepresentative.model.JwtResponseTest]
21:06:54.051 [main] DEBUG org.springframework.test.annotation.ProfileValueUtils - Retrieved ProfileValueSource type [class org.springframework.test.annotation.SystemProfileValueSource] for class [com.cognizant.medicalrepresentative.model.JwtResponseTest]
21:06:54.052 [main] DEBUG org.springframework.test.context.junit4.SpringJUnit4ClassRunner - SpringJUnit4ClassRunner constructor called with [class com.cognizant.medicalrepresentative.model.MedicalRepresentativesTest]
21:06:54.052 [main] DEBUG org.springframework.test.context.BootstrapUtils - Instantiating CacheAwareContextLoaderDelegate from class [org.springframework.test.context.cache.DefaultCacheAwareContextLoaderDelegate]
21:06:54.052 [main] DEBUG org.springframework.test.context.BootstrapUtils - Instantiating BootstrapContext using constructor [public org.springframework.test.context.support.DefaultBootstrapContext(java.lang.Class,org.springframework.test.context.CacheAwareContextLoaderDelegate)]
21:06:54.052 [main] DEBUG org.springframework.test.context.BootstrapUtils - Instantiating TestContextBootstrapper for test class [com.cognizant.medicalrepresentative.model.MedicalRepresentativesTest] from class [org.springframework.test.context.support.DefaultTestContextBootstrapper]
21:06:54.053 [main] INFO org.springframework.test.context.support.DefaultTestContextBootstrapper - Neither @ContextConfiguration nor @ContextHierarchy found for test class [com.cognizant.medicalrepresentative.model.MedicalRepresentativesTest], using DelegatingSmartContextLoader
21:06:54.053 [main] DEBUG org.springframework.test.context.support.AbstractDelegatingSmartContextLoader - Delegating to GenericXmlContextLoader to process context configuration [ContextConfigurationAttributes@19d481b declaringClass = 'com.cognizant.medicalrepresentative.model.MedicalRepresentativesTest', classes = '{}', locations = '{}', inheritLocations = false, initializers = '{}', inheritInitializers = true, name = [null], contextLoaderClass = 'org.springframework.test.context.ContextLoader'].
21:06:54.054 [main] DEBUG org.springframework.test.context.support.AbstractContextLoader - Did not detect default resource location for test class [com.cognizant.medicalrepresentative.model.MedicalRepresentativesTest]: class path resource [com/cognizant/medicalrepresentative/model/MedicalRepresentativesTest-context.xml] does not exist
21:06:54.054 [main] INFO org.springframework.test.context.support.AbstractContextLoader - Could not detect default resource locations for test class [com.cognizant.medicalrepresentative.model.MedicalRepresentativesTest]: no resource found for suffixes {-context.xml}.
21:06:54.054 [main] DEBUG org.springframework.test.context.support.AbstractDelegatingSmartContextLoader - Delegating to AnnotationConfigContextLoader to process context configuration [ContextConfigurationAttributes@19d481b declaringClass = 'com.cognizant.medicalrepresentative.model.MedicalRepresentativesTest', classes = '{}', locations = '{}', inheritLocations = false, initializers = '{}', inheritInitializers = true, name = [null], contextLoaderClass = 'org.springframework.test.context.ContextLoader'].
21:06:54.055 [main] INFO org.springframework.test.context.support.AnnotationConfigContextLoaderUtils - Could not detect default configuration classes for test class [com.cognizant.medicalrepresentative.model.MedicalRepresentativesTest]: MedicalRepresentativesTest does not declare any static, non-private, non-final, nested classes annotated with @Configuration.
21:06:54.057 [main] DEBUG org.springframework.test.context.support.ActiveProfilesUtils - Could not find an 'annotation declaring class' for annotation type [org.springframework.test.context.ActiveProfiles] and class [com.cognizant.medicalrepresentative.model.MedicalRepresentativesTest]
21:06:54.057 [main] DEBUG org.springframework.test.context.support.DefaultTestContextBootstrapper - @TestExecutionListeners is not present for class [com.cognizant.medicalrepresentative.model.MedicalRepresentativesTest]: using defaults.
21:06:54.057 [main] INFO org.springframework.test.context.support.DefaultTestContextBootstrapper - Loaded default TestExecutionListener class names from location [META-INF/spring.factories]: [org.springframework.boot.test.mock.mockito.MockitoTestExecutionListener, org.springframework.boot.test.mock.mockito.ResetMocksTestExecutionListener, org.springframework.boot.test.autoconfigure.restdocs.RestDocsTestExecutionListener, org.springframework.boot.test.autoconfigure.web.client.MockRestServiceServerResetTestExecutionListener, org.springframework.boot.test.autoconfigure.web.servlet.MockMvcPrintOnlyOnFailureTestExecutionListener, org.springframework.boot.test.autoconfigure.web.servlet.WebDriverTestExecutionListener, org.springframework.boot.test.autoconfigure.webservices.client.MockWebServiceServerTestExecutionListener, org.springframework.test.context.web.ServletTestExecutionListener, org.springframework.test.context.support.DirtiesContextBeforeModesTestExecutionListener, org.springframework.test.context.support.DependencyInjectionTestExecutionListener, org.springframework.test.context.support.DirtiesContextTestExecutionListener, org.springframework.test.context.transaction.TransactionalTestExecutionListener, org.springframework.test.context.jdbc.SqlScriptsTestExecutionListener, org.springframework.test.context.event.EventPublishingTestExecutionListener]
21:06:54.058 [main] INFO org.springframework.test.context.support.DefaultTestContextBootstrapper - Using TestExecutionListeners: [org.springframework.test.context.web.ServletTestExecutionListener@1f97cf0d, org.springframework.test.context.support.DirtiesContextBeforeModesTestExecutionListener@140c9f39, org.springframework.boot.test.mock.mockito.MockitoTestExecutionListener@4d910fd6, org.springframework.test.context.support.DependencyInjectionTestExecutionListener@26275bef, org.springframework.test.context.support.DirtiesContextTestExecutionListener@7690781, org.springframework.test.context.transaction.TransactionalTestExecutionListener@77eca502, org.springframework.test.context.jdbc.SqlScriptsTestExecutionListener@3246fb96, org.springframework.test.context.event.EventPublishingTestExecutionListener@2e222612, org.springframework.boot.test.mock.mockito.ResetMocksTestExecutionListener@61386958, org.springframework.boot.test.autoconfigure.restdocs.RestDocsTestExecutionListener@73ee04c8, org.springframework.boot.test.autoconfigure.web.client.MockRestServiceServerResetTestExecutionListener@7671cb68, org.springframework.boot.test.autoconfigure.web.servlet.MockMvcPrintOnlyOnFailureTestExecutionListener@49dc7102, org.springframework.boot.test.autoconfigure.web.servlet.WebDriverTestExecutionListener@6b8ca3c8, org.springframework.boot.test.autoconfigure.webservices.client.MockWebServiceServerTestExecutionListener@68c72235]
21:06:54.059 [main] DEBUG org.springframework.test.annotation.ProfileValueUtils - Retrieved @ProfileValueSourceConfiguration [null] for test class [com.cognizant.medicalrepresentative.model.MedicalRepresentativesTest]
21:06:54.059 [main] DEBUG org.springframework.test.annotation.ProfileValueUtils - Retrieved ProfileValueSource type [class org.springframework.test.annotation.SystemProfileValueSource] for class [com.cognizant.medicalrepresentative.model.MedicalRepresentativesTest]
21:06:54.060 [main] DEBUG org.springframework.test.annotation.ProfileValueUtils - Retrieved @ProfileValueSourceConfiguration [null] for test class [com.cognizant.medicalrepresentative.model.MedicalRepresentativesTest]
21:06:54.062 [main] DEBUG org.springframework.test.annotation.ProfileValueUtils - Retrieved ProfileValueSource type [class org.springframework.test.annotation.SystemProfileValueSource] for class [com.cognizant.medicalrepresentative.model.MedicalRepresentativesTest]
21:06:54.062 [main] DEBUG org.springframework.test.annotation.ProfileValueUtils - Retrieved @ProfileValueSourceConfiguration [null] for test class [com.cognizant.medicalrepresentative.model.MedicalRepresentativesTest]
21:06:54.063 [main] DEBUG org.springframework.test.annotation.ProfileValueUtils - Retrieved ProfileValueSource type [class org.springframework.test.annotation.SystemProfileValueSource] for class [com.cognizant.medicalrepresentative.model.MedicalRepresentativesTest]
21:06:54.213 [main] DEBUG org.springframework.test.context.BootstrapUtils - Instantiating CacheAwareContextLoaderDelegate from class [org.springframework.test.context.cache.DefaultCacheAwareContextLoaderDelegate]
21:06:54.213 [main] DEBUG org.springframework.test.context.BootstrapUtils - Instantiating BootstrapContext using constructor [public org.springframework.test.context.support.DefaultBootstrapContext(java.lang.Class,org.springframework.test.context.CacheAwareContextLoaderDelegate)]
21:06:54.214 [main] DEBUG org.springframework.test.context.BootstrapUtils - Instantiating TestContextBootstrapper for test class [com.cognizant.medicalrepresentative.MedRepScheduleServiceApplicationTests] from class [org.springframework.boot.test.context.SpringBootTestContextBootstrapper]
21:06:54.216 [main] INFO org.springframework.boot.test.context.SpringBootTestContextBootstrapper - Neither @ContextConfiguration nor @ContextHierarchy found for test class [com.cognizant.medicalrepresentative.MedRepScheduleServiceApplicationTests], using SpringBootContextLoader
21:06:54.217 [main] DEBUG org.springframework.test.context.support.AbstractContextLoader - Did not detect default resource location for test class [com.cognizant.medicalrepresentative.MedRepScheduleServiceApplicationTests]: class path resource [com/cognizant/medicalrepresentative/MedRepScheduleServiceApplicationTests-context.xml] does not exist
21:06:54.222 [main] DEBUG org.springframework.test.context.support.AbstractContextLoader - Did not detect default resource location for test class [com.cognizant.medicalrepresentative.MedRepScheduleServiceApplicationTests]: class path resource [com/cognizant/medicalrepresentative/MedRepScheduleServiceApplicationTestsContext.groovy] does not exist
21:06:54.222 [main] INFO org.springframework.test.context.support.AbstractContextLoader - Could not detect default resource locations for test class [com.cognizant.medicalrepresentative.MedRepScheduleServiceApplicationTests]: no resource found for suffixes {-context.xml, Context.groovy}.
21:06:54.222 [main] INFO org.springframework.test.context.support.AnnotationConfigContextLoaderUtils - Could not detect default configuration classes for test class [com.cognizant.medicalrepresentative.MedRepScheduleServiceApplicationTests]: MedRepScheduleServiceApplicationTests does not declare any static, non-private, non-final, nested classes annotated with @Configuration.
21:06:54.225 [main] DEBUG org.springframework.test.context.support.ActiveProfilesUtils - Could not find an 'annotation declaring class' for annotation type [org.springframework.test.context.ActiveProfiles] and class [com.cognizant.medicalrepresentative.MedRepScheduleServiceApplicationTests]
21:06:54.296 [main] DEBUG org.springframework.test.context.BootstrapUtils - Instantiating CacheAwareContextLoaderDelegate from class [org.springframework.test.context.cache.DefaultCacheAwareContextLoaderDelegate]
21:06:54.296 [main] DEBUG org.springframework.test.context.BootstrapUtils - Instantiating BootstrapContext using constructor [public org.springframework.test.context.support.DefaultBootstrapContext(java.lang.Class,org.springframework.test.context.CacheAwareContextLoaderDelegate)]
21:06:54.297 [main] DEBUG org.springframework.test.context.BootstrapUtils - Instantiating TestContextBootstrapper for test class [com.cognizant.medicalrepresentative.MedRepScheduleServiceApplicationTests] from class [org.springframework.boot.test.context.SpringBootTestContextBootstrapper]
21:06:54.298 [main] INFO org.springframework.boot.test.context.SpringBootTestContextBootstrapper - Neither @ContextConfiguration nor @ContextHierarchy found for test class [com.cognizant.medicalrepresentative.MedRepScheduleServiceApplicationTests], using SpringBootContextLoader
21:06:54.299 [main] DEBUG org.springframework.test.context.support.AbstractContextLoader - Did not detect default resource location for test class [com.cognizant.medicalrepresentative.MedRepScheduleServiceApplicationTests]: class path resource [com/cognizant/medicalrepresentative/MedRepScheduleServiceApplicationTests-context.xml] does not exist
21:06:54.299 [main] DEBUG org.springframework.test.context.support.AbstractContextLoader - Did not detect default resource location for test class [com.cognizant.medicalrepresentative.MedRepScheduleServiceApplicationTests]: class path resource [com/cognizant/medicalrepresentative/MedRepScheduleServiceApplicationTestsContext.groovy] does not exist
21:06:54.300 [main] INFO org.springframework.test.context.support.AbstractContextLoader - Could not detect default resource locations for test class [com.cognizant.medicalrepresentative.MedRepScheduleServiceApplicationTests]: no resource found for suffixes {-context.xml, Context.groovy}.
21:06:54.301 [main] INFO org.springframework.test.context.support.AnnotationConfigContextLoaderUtils - Could not detect default configuration classes for test class [com.cognizant.medicalrepresentative.MedRepScheduleServiceApplicationTests]: MedRepScheduleServiceApplicationTests does not declare any static, non-private, non-final, nested classes annotated with @Configuration.
21:06:54.304 [main] DEBUG org.springframework.test.context.support.ActiveProfilesUtils - Could not find an 'annotation declaring class' for annotation type [org.springframework.test.context.ActiveProfiles] and class [com.cognizant.medicalrepresentative.MedRepScheduleServiceApplicationTests]
21:06:54.348 [main] DEBUG org.springframework.test.context.BootstrapUtils - Instantiating CacheAwareContextLoaderDelegate from class [org.springframework.test.context.cache.DefaultCacheAwareContextLoaderDelegate]
21:06:54.348 [main] DEBUG org.springframework.test.context.BootstrapUtils - Instantiating BootstrapContext using constructor [public org.springframework.test.context.support.DefaultBootstrapContext(java.lang.Class,org.springframework.test.context.CacheAwareContextLoaderDelegate)]
21:06:54.349 [main] DEBUG org.springframework.test.context.BootstrapUtils - Instantiating TestContextBootstrapper for test class [com.cognizant.medicalrepresentative.MedRepScheduleServiceApplicationTests] from class [org.springframework.boot.test.context.SpringBootTestContextBootstrapper]
21:06:54.349 [main] INFO org.springframework.boot.test.context.SpringBootTestContextBootstrapper - Neither @ContextConfiguration nor @ContextHierarchy found for test class [com.cognizant.medicalrepresentative.MedRepScheduleServiceApplicationTests], using SpringBootContextLoader
21:06:54.351 [main] DEBUG org.springframework.test.context.support.AbstractContextLoader - Did not detect default resource location for test class [com.cognizant.medicalrepresentative.MedRepScheduleServiceApplicationTests]: class path resource [com/cognizant/medicalrepresentative/MedRepScheduleServiceApplicationTests-context.xml] does not exist
21:06:54.352 [main] DEBUG org.springframework.test.context.support.AbstractContextLoader - Did not detect default resource location for test class [com.cognizant.medicalrepresentative.MedRepScheduleServiceApplicationTests]: class path resource [com/cognizant/medicalrepresentative/MedRepScheduleServiceApplicationTestsContext.groovy] does not exist
21:06:54.353 [main] INFO org.springframework.test.context.support.AbstractContextLoader - Could not detect default resource locations for test class [com.cognizant.medicalrepresentative.MedRepScheduleServiceApplicationTests]: no resource found for suffixes {-context.xml, Context.groovy}.
21:06:54.353 [main] INFO org.springframework.test.context.support.AnnotationConfigContextLoaderUtils - Could not detect default configuration classes for test class [com.cognizant.medicalrepresentative.MedRepScheduleServiceApplicationTests]: MedRepScheduleServiceApplicationTests does not declare any static, non-private, non-final, nested classes annotated with @Configuration.
21:06:54.356 [main] DEBUG org.springframework.test.context.support.ActiveProfilesUtils - Could not find an 'annotation declaring class' for annotation type [org.springframework.test.context.ActiveProfiles] and class [com.cognizant.medicalrepresentative.MedRepScheduleServiceApplicationTests]
]]></system-out>
  </testcase>
</testsuite>